<?xml version="1.0" encoding="UTF-8"?>
<testsuite xmlns:xsi="http://www.w3.org/2001/XMLSchema-instance" xsi:noNamespaceSchemaLocation="https://maven.apache.org/surefire/maven-surefire-plugin/xsd/surefire-test-report-3.0.xsd" version="3.0" name="MemoryStorageServiceTest" time="10.06" tests="10" errors="0" skipped="0" failures="0">
  <properties>
[...]
</properties>
  <testcase name="testGetWithExpiredEntry" classname="MemoryStorageServiceTest" time="6.087">
    <system-out><![CDATA[
  .   ____          _            __ _ _
 /\\ / ___'_ __ _ _(_)_ __  __ _ \ \ \ \
( ( )\___ | '_ | '_| | '_ \/ _` | \ \ \ \
 \\/  ___)| |_)| | | | | || (_| |  ) ) ) )
  '  |____| .__|_| |_|_| |_\__, | / / / /
 =========|_|==============|___/=/_/_/_/
 :: Spring Boot ::                (v3.1.2)

2024-07-28T13:03:54.139+03:00  INFO 16608 --- [           main] MemoryStorageServiceTest                 : Starting MemoryStorageServiceTest using Java 19.0.2 with PID 16608 (started by Anastazzi in C:\Users\Anastazzi\IdeaProjects\JavaInfotecs)
2024-07-28T13:03:54.144+03:00  INFO 16608 --- [           main] MemoryStorageServiceTest                 : No active profile set, falling back to 1 default profile: "default"
2024-07-28T13:03:56.489+03:00  INFO 16608 --- [           main] MemoryStorageServiceTest                 : Started MemoryStorageServiceTest in 2.854 seconds (process running for 4.489)
]]></system-out>
    <system-err><![CDATA[SLF4J(W): Class path contains multiple SLF4J providers.
SLF4J(W): Found provider [ch.qos.logback.classic.spi.LogbackServiceProvider@3eb738bb]
SLF4J(W): Found provider [org.slf4j.simple.SimpleServiceProvider@5bda8e08]
SLF4J(W): See https://www.slf4j.org/codes.html#multiple_bindings for an explanation.
SLF4J(I): Actual provider is of type [ch.qos.logback.classic.spi.LogbackServiceProvider@3eb738bb]
]]></system-err>
  </testcase>
  <testcase name="testSetWithDefaultTtl" classname="MemoryStorageServiceTest" time="0.005"/>
  <testcase name="testGetWithIncorrectTtl" classname="MemoryStorageServiceTest" time="0.102">
    <system-out><![CDATA[2024-07-28T13:04:02.748+03:00 ERROR 16608 --- [           main] o.example.service.MemoryStorageService   : Параметр ttl должен быть положительным целым числом.
]]></system-out>
  </testcase>
  <testcase name="testGet" classname="MemoryStorageServiceTest" time="0.004"/>
  <testcase name="testDump" classname="MemoryStorageServiceTest" time="0.107">
    <system-out><![CDATA[2024-07-28T13:04:02.893+03:00  INFO 16608 --- [           main] o.example.service.MemoryStorageService   : Текущее состояние хранилища успешно сохранено в файл: storage-state.json
]]></system-out>
  </testcase>
  <testcase name="testLoad" classname="MemoryStorageServiceTest" time="0.102">
    <system-out><![CDATA[2024-07-28T13:04:02.908+03:00  INFO 16608 --- [           main] o.example.service.MemoryStorageService   : Текущее состояние хранилища успешно сохранено в файл: storage-state.json
2024-07-28T13:04:02.998+03:00  INFO 16608 --- [           main] o.example.service.MemoryStorageService   : Состояние хранилища успешно загружено из файла: storage-state.json
]]></system-out>
  </testcase>
  <testcase name="testSetWithInvalidTtl" classname="MemoryStorageServiceTest" time="0.005">
    <system-out><![CDATA[2024-07-28T13:04:03.011+03:00 ERROR 16608 --- [           main] o.example.service.MemoryStorageService   : Параметр ttl должен быть положительным целым числом.
]]></system-out>
  </testcase>
  <testcase name="testSetWithRewriteTtl" classname="MemoryStorageServiceTest" time="0.004"/>
  <testcase name="testGetAll" classname="MemoryStorageServiceTest" time="0.005"/>
  <testcase name="testRemove" classname="MemoryStorageServiceTest" time="0.004"/>
</testsuite>